{
  "0 debug pnpm:scope": {
    "selected": 1
  },
  "1 error pnpm": {
    "message": {
      "errno": 1,
      "code": "ELIFECYCLE",
      "pkgid": "tabtab@3.0.2",
      "stage": "test",
      "script": "mkdirp ~/.config/tabtab && DEBUG='tabtab*' c8 mocha --timeout 5000",
      "pkgname": "tabtab"
    },
    "err": {
      "name": "Error",
      "message": "tabtab@3.0.2 test: `mkdirp ~/.config/tabtab && DEBUG='tabtab*' c8 mocha --timeout 5000`\nExit status 1",
      "code": "ELIFECYCLE",
      "stack": "Error: tabtab@3.0.2 test: `mkdirp ~/.config/tabtab && DEBUG='tabtab*' c8 mocha --timeout 5000`\nExit status 1\n    at EventEmitter.<anonymous> (/home/zoltan/.nvs/node/12.14.1/x64/pnpm-global/3/node_modules/.pnpm/registry.npmjs.org/pnpm/4.9.0-0/node_modules/pnpm/lib/node_modules/@zkochan/npm-lifecycle/index.js:302:16)\n    at EventEmitter.emit (events.js:223:5)\n    at ChildProcess.<anonymous> (/home/zoltan/.nvs/node/12.14.1/x64/pnpm-global/3/node_modules/.pnpm/registry.npmjs.org/pnpm/4.9.0-0/node_modules/pnpm/lib/node_modules/@zkochan/npm-lifecycle/lib/spawn.js:55:14)\n    at ChildProcess.emit (events.js:223:5)\n    at maybeClose (internal/child_process.js:1021:16)\n    at Process.ChildProcess._handle.onexit (internal/child_process.js:283:5)"
    }
  }
}